\BOOKMARK [0][-]{chapter.1}{Introduction}{}% 1
\BOOKMARK [1][-]{section.1.1}{Qu'est ce que le Data mining}{chapter.1}% 2
\BOOKMARK [2][-]{subsection.1.1.1}{Nettoyage de donn\351es}{section.1.1}% 3
\BOOKMARK [2][-]{subsection.1.1.2}{Integration de donn\351es}{section.1.1}% 4
\BOOKMARK [2][-]{subsection.1.1.3}{S\351lection de donn\351es}{section.1.1}% 5
\BOOKMARK [2][-]{subsection.1.1.4}{Transformation de donn\351es}{section.1.1}% 6
\BOOKMARK [2][-]{subsection.1.1.5}{Data mining}{section.1.1}% 7
\BOOKMARK [2][-]{subsection.1.1.6}{\311valuation des motifs}{section.1.1}% 8
\BOOKMARK [2][-]{subsection.1.1.7}{Pr\351sentation de donn\351es}{section.1.1}% 9
\BOOKMARK [1][-]{section.1.2}{Les types de donn\351es qui peuvent \352tre utilis\351s pour le data mining }{chapter.1}% 10
\BOOKMARK [2][-]{subsection.1.2.1}{Les bases de donn\351es}{section.1.2}% 11
\BOOKMARK [2][-]{subsection.1.2.2}{Les entrep\364ts de donn\351es}{section.1.2}% 12
\BOOKMARK [2][-]{subsection.1.2.3}{Base donn\351es transactionnelles }{section.1.2}% 13
\BOOKMARK [2][-]{subsection.1.2.4}{Autres types de donn\351es}{section.1.2}% 14
\BOOKMARK [1][-]{section.1.3}{Quels sont les motifs qui peuvent \352tre extraits ?}{chapter.1}% 15
\BOOKMARK [2][-]{subsection.1.3.1}{Classe/Concept Description: Caract\351risation et Discrimination}{section.1.3}% 16
\BOOKMARK [2][-]{subsection.1.3.2}{Motifs fr\351quents , associations et corr\351lations}{section.1.3}% 17
\BOOKMARK [2][-]{subsection.1.3.3}{Classification et r\351gression pour une analyse pr\351dictive}{section.1.3}% 18
\BOOKMARK [2][-]{subsection.1.3.4}{clustering}{section.1.3}% 19
\BOOKMARK [2][-]{subsection.1.3.5}{Outlier \(valeurs aberrantes \)}{section.1.3}% 20
\BOOKMARK [2][-]{subsection.1.3.6}{Ce qui fait qu'un mod\350le est int\351ressent}{section.1.3}% 21
\BOOKMARK [1][-]{section.1.4}{Quelles genre de technologies sont appliqu\351es et utilis\351es dans le data mining ?}{chapter.1}% 22
\BOOKMARK [2][-]{subsection.1.4.1}{Statistique}{section.1.4}% 23
\BOOKMARK [2][-]{subsection.1.4.2}{Machine learning \(apprentissage automatique\)}{section.1.4}% 24
\BOOKMARK [2][-]{subsection.1.4.3}{Syst\350me de base de donn\351es et entrep\364ts de donn\351es}{section.1.4}% 25
\BOOKMARK [2][-]{subsection.1.4.4}{Recherche d'information}{section.1.4}% 26
\BOOKMARK [1][-]{section.1.5}{Quelles sont les genres d'applications cibl\351 par le data mining}{chapter.1}% 27
\BOOKMARK [2][-]{subsection.1.5.1}{Business intelligence}{section.1.5}% 28
\BOOKMARK [2][-]{subsection.1.5.2}{Web Search engine \(Moteur de recherche sur le web\)}{section.1.5}% 29
\BOOKMARK [1][-]{section.1.6}{Les probl\350mes qui font face au data mining}{chapter.1}% 30
\BOOKMARK [0][-]{chapter.2}{Pr\351traitement des donn\351es}{}% 31
\BOOKMARK [1][-]{section.2.1}{Qualit\351 des donn\351es : Pourquoi faire du pr\351traitement sur nos donn\351es ?}{chapter.2}% 32
\BOOKMARK [1][-]{section.2.2}{Data Cleaning}{chapter.2}% 33
\BOOKMARK [2][-]{subsection.2.2.1}{Valeurs manquantes}{section.2.2}% 34
\BOOKMARK [2][-]{subsection.2.2.2}{Les donn\351es bruit\351es ou erron\351es \( Noisy data\)}{section.2.2}% 35
\BOOKMARK [2][-]{subsection.2.2.3}{Data Cleaning comme un processus}{section.2.2}% 36
\BOOKMARK [1][-]{section.2.3}{Int\351gration des donn\351es}{chapter.2}% 37
\BOOKMARK [2][-]{subsection.2.3.1}{Probl\350me d'identification d'entit\351}{section.2.3}% 38
\BOOKMARK [2][-]{subsection.2.3.2}{Analyse de redondance et de corr\351lation}{section.2.3}% 39
\BOOKMARK [2][-]{subsection.2.3.3}{Duplication de tuples}{section.2.3}% 40
\BOOKMARK [2][-]{subsection.2.3.4}{D\351tection et r\351solution de conflits de valeurs de donn\351es}{section.2.3}% 41
