<<<<<<< HEAD
This is pdfTeX, Version 3.1415926-2.5-1.40.14 (TeX Live 2013/Debian) (format=pdflatex 2018.3.18)  5 NOV 2018 01:56
=======
This is pdfTeX, Version 3.14159265-2.6-1.40.16 (TeX Live 2015/Debian) (preloaded format=pdflatex 2017.11.17)  5 NOV 2018 01:11
>>>>>>> 695a66c7bcabf4766b0b915ea99130588e0f2fad
entering extended mode
 restricted \write18 enabled.
 %&-line parsing enabled.
**Rapport_DM_part1.tex
(./Rapport_DM_part1.tex
LaTeX2e <2011/06/27>
Babel <3.9h> and hyphenation patterns for 78 languages loaded.
(/usr/share/texlive/texmf-dist/tex/latex/base/book.cls
Document Class: book 2007/10/19 v1.4h Standard LaTeX document class
(/usr/share/texlive/texmf-dist/tex/latex/base/bk12.clo
File: bk12.clo 2007/10/19 v1.4h Standard LaTeX file (size option)
)
\c@part=\count79
\c@chapter=\count80
\c@section=\count81
\c@subsection=\count82
\c@subsubsection=\count83
\c@paragraph=\count84
\c@subparagraph=\count85
\c@figure=\count86
\c@table=\count87
\abovecaptionskip=\skip41
\belowcaptionskip=\skip42
\bibindent=\dimen102
)
(/usr/share/texlive/texmf-dist/tex/latex/base/inputenc.sty
Package: inputenc 2008/03/30 v1.1d Input encoding file
\inpenc@prehook=\toks14
\inpenc@posthook=\toks15

(/usr/share/texlive/texmf-dist/tex/latex/base/utf8.def
File: utf8.def 2008/04/05 v1.1m UTF-8 support for inputenc
Now handling font encoding OML ...
... no UTF-8 mapping file for font encoding OML
Now handling font encoding T1 ...
... processing UTF-8 mapping file for font encoding T1

(/usr/share/texlive/texmf-dist/tex/latex/base/t1enc.dfu
File: t1enc.dfu 2008/04/05 v1.1m UTF-8 support for inputenc
   defining Unicode char U+00A1 (decimal 161)
   defining Unicode char U+00A3 (decimal 163)
   defining Unicode char U+00AB (decimal 171)
   defining Unicode char U+00BB (decimal 187)
   defining Unicode char U+00BF (decimal 191)
   defining Unicode char U+00C0 (decimal 192)
   defining Unicode char U+00C1 (decimal 193)
   defining Unicode char U+00C2 (decimal 194)
   defining Unicode char U+00C3 (decimal 195)
   defining Unicode char U+00C4 (decimal 196)
   defining Unicode char U+00C5 (decimal 197)
   defining Unicode char U+00C6 (decimal 198)
   defining Unicode char U+00C7 (decimal 199)
   defining Unicode char U+00C8 (decimal 200)
   defining Unicode char U+00C9 (decimal 201)
   defining Unicode char U+00CA (decimal 202)
   defining Unicode char U+00CB (decimal 203)
   defining Unicode char U+00CC (decimal 204)
   defining Unicode char U+00CD (decimal 205)
   defining Unicode char U+00CE (decimal 206)
   defining Unicode char U+00CF (decimal 207)
   defining Unicode char U+00D0 (decimal 208)
   defining Unicode char U+00D1 (decimal 209)
   defining Unicode char U+00D2 (decimal 210)
   defining Unicode char U+00D3 (decimal 211)
   defining Unicode char U+00D4 (decimal 212)
   defining Unicode char U+00D5 (decimal 213)
   defining Unicode char U+00D6 (decimal 214)
   defining Unicode char U+00D8 (decimal 216)
   defining Unicode char U+00D9 (decimal 217)
   defining Unicode char U+00DA (decimal 218)
   defining Unicode char U+00DB (decimal 219)
   defining Unicode char U+00DC (decimal 220)
   defining Unicode char U+00DD (decimal 221)
   defining Unicode char U+00DE (decimal 222)
   defining Unicode char U+00DF (decimal 223)
   defining Unicode char U+00E0 (decimal 224)
   defining Unicode char U+00E1 (decimal 225)
   defining Unicode char U+00E2 (decimal 226)
   defining Unicode char U+00E3 (decimal 227)
   defining Unicode char U+00E4 (decimal 228)
   defining Unicode char U+00E5 (decimal 229)
   defining Unicode char U+00E6 (decimal 230)
   defining Unicode char U+00E7 (decimal 231)
   defining Unicode char U+00E8 (decimal 232)
   defining Unicode char U+00E9 (decimal 233)
   defining Unicode char U+00EA (decimal 234)
   defining Unicode char U+00EB (decimal 235)
   defining Unicode char U+00EC (decimal 236)
   defining Unicode char U+00ED (decimal 237)
   defining Unicode char U+00EE (decimal 238)
   defining Unicode char U+00EF (decimal 239)
   defining Unicode char U+00F0 (decimal 240)
   defining Unicode char U+00F1 (decimal 241)
   defining Unicode char U+00F2 (decimal 242)
   defining Unicode char U+00F3 (decimal 243)
   defining Unicode char U+00F4 (decimal 244)
   defining Unicode char U+00F5 (decimal 245)
   defining Unicode char U+00F6 (decimal 246)
   defining Unicode char U+00F8 (decimal 248)
   defining Unicode char U+00F9 (decimal 249)
   defining Unicode char U+00FA (decimal 250)
   defining Unicode char U+00FB (decimal 251)
   defining Unicode char U+00FC (decimal 252)
   defining Unicode char U+00FD (decimal 253)
   defining Unicode char U+00FE (decimal 254)
   defining Unicode char U+00FF (decimal 255)
   defining Unicode char U+0102 (decimal 258)
   defining Unicode char U+0103 (decimal 259)
   defining Unicode char U+0104 (decimal 260)
   defining Unicode char U+0105 (decimal 261)
   defining Unicode char U+0106 (decimal 262)
   defining Unicode char U+0107 (decimal 263)
   defining Unicode char U+010C (decimal 268)
   defining Unicode char U+010D (decimal 269)
   defining Unicode char U+010E (decimal 270)
   defining Unicode char U+010F (decimal 271)
   defining Unicode char U+0110 (decimal 272)
   defining Unicode char U+0111 (decimal 273)
   defining Unicode char U+0118 (decimal 280)
   defining Unicode char U+0119 (decimal 281)
   defining Unicode char U+011A (decimal 282)
   defining Unicode char U+011B (decimal 283)
   defining Unicode char U+011E (decimal 286)
   defining Unicode char U+011F (decimal 287)
   defining Unicode char U+0130 (decimal 304)
   defining Unicode char U+0131 (decimal 305)
   defining Unicode char U+0132 (decimal 306)
   defining Unicode char U+0133 (decimal 307)
   defining Unicode char U+0139 (decimal 313)
   defining Unicode char U+013A (decimal 314)
   defining Unicode char U+013D (decimal 317)
   defining Unicode char U+013E (decimal 318)
   defining Unicode char U+0141 (decimal 321)
   defining Unicode char U+0142 (decimal 322)
   defining Unicode char U+0143 (decimal 323)
   defining Unicode char U+0144 (decimal 324)
   defining Unicode char U+0147 (decimal 327)
   defining Unicode char U+0148 (decimal 328)
   defining Unicode char U+014A (decimal 330)
   defining Unicode char U+014B (decimal 331)
   defining Unicode char U+0150 (decimal 336)
   defining Unicode char U+0151 (decimal 337)
   defining Unicode char U+0152 (decimal 338)
   defining Unicode char U+0153 (decimal 339)
   defining Unicode char U+0154 (decimal 340)
   defining Unicode char U+0155 (decimal 341)
   defining Unicode char U+0158 (decimal 344)
   defining Unicode char U+0159 (decimal 345)
   defining Unicode char U+015A (decimal 346)
   defining Unicode char U+015B (decimal 347)
   defining Unicode char U+015E (decimal 350)
   defining Unicode char U+015F (decimal 351)
   defining Unicode char U+0160 (decimal 352)
   defining Unicode char U+0161 (decimal 353)
   defining Unicode char U+0162 (decimal 354)
   defining Unicode char U+0163 (decimal 355)
   defining Unicode char U+0164 (decimal 356)
   defining Unicode char U+0165 (decimal 357)
   defining Unicode char U+016E (decimal 366)
   defining Unicode char U+016F (decimal 367)
   defining Unicode char U+0170 (decimal 368)
   defining Unicode char U+0171 (decimal 369)
   defining Unicode char U+0178 (decimal 376)
   defining Unicode char U+0179 (decimal 377)
   defining Unicode char U+017A (decimal 378)
   defining Unicode char U+017B (decimal 379)
   defining Unicode char U+017C (decimal 380)
   defining Unicode char U+017D (decimal 381)
   defining Unicode char U+017E (decimal 382)
   defining Unicode char U+200C (decimal 8204)
   defining Unicode char U+2013 (decimal 8211)
   defining Unicode char U+2014 (decimal 8212)
   defining Unicode char U+2018 (decimal 8216)
   defining Unicode char U+2019 (decimal 8217)
   defining Unicode char U+201A (decimal 8218)
   defining Unicode char U+201C (decimal 8220)
   defining Unicode char U+201D (decimal 8221)
   defining Unicode char U+201E (decimal 8222)
   defining Unicode char U+2030 (decimal 8240)
   defining Unicode char U+2031 (decimal 8241)
   defining Unicode char U+2039 (decimal 8249)
   defining Unicode char U+203A (decimal 8250)
   defining Unicode char U+2423 (decimal 9251)
)
Now handling font encoding OT1 ...
... processing UTF-8 mapping file for font encoding OT1

(/usr/share/texlive/texmf-dist/tex/latex/base/ot1enc.dfu
File: ot1enc.dfu 2008/04/05 v1.1m UTF-8 support for inputenc
   defining Unicode char U+00A1 (decimal 161)
   defining Unicode char U+00A3 (decimal 163)
   defining Unicode char U+00B8 (decimal 184)
   defining Unicode char U+00BF (decimal 191)
   defining Unicode char U+00C5 (decimal 197)
   defining Unicode char U+00C6 (decimal 198)
   defining Unicode char U+00D8 (decimal 216)
   defining Unicode char U+00DF (decimal 223)
   defining Unicode char U+00E6 (decimal 230)
   defining Unicode char U+00EC (decimal 236)
   defining Unicode char U+00ED (decimal 237)
   defining Unicode char U+00EE (decimal 238)
   defining Unicode char U+00EF (decimal 239)
   defining Unicode char U+00F8 (decimal 248)
   defining Unicode char U+0131 (decimal 305)
   defining Unicode char U+0141 (decimal 321)
   defining Unicode char U+0142 (decimal 322)
   defining Unicode char U+0152 (decimal 338)
   defining Unicode char U+0153 (decimal 339)
   defining Unicode char U+2013 (decimal 8211)
   defining Unicode char U+2014 (decimal 8212)
   defining Unicode char U+2018 (decimal 8216)
   defining Unicode char U+2019 (decimal 8217)
   defining Unicode char U+201C (decimal 8220)
   defining Unicode char U+201D (decimal 8221)
)
Now handling font encoding OMS ...
... processing UTF-8 mapping file for font encoding OMS

(/usr/share/texlive/texmf-dist/tex/latex/base/omsenc.dfu
File: omsenc.dfu 2008/04/05 v1.1m UTF-8 support for inputenc
   defining Unicode char U+00A7 (decimal 167)
   defining Unicode char U+00B6 (decimal 182)
   defining Unicode char U+00B7 (decimal 183)
   defining Unicode char U+2020 (decimal 8224)
   defining Unicode char U+2021 (decimal 8225)
   defining Unicode char U+2022 (decimal 8226)
)
Now handling font encoding OMX ...
... no UTF-8 mapping file for font encoding OMX
Now handling font encoding U ...
... no UTF-8 mapping file for font encoding U
   defining Unicode char U+00A9 (decimal 169)
   defining Unicode char U+00AA (decimal 170)
   defining Unicode char U+00AE (decimal 174)
   defining Unicode char U+00BA (decimal 186)
   defining Unicode char U+02C6 (decimal 710)
   defining Unicode char U+02DC (decimal 732)
   defining Unicode char U+200C (decimal 8204)
   defining Unicode char U+2026 (decimal 8230)
   defining Unicode char U+2122 (decimal 8482)
   defining Unicode char U+2423 (decimal 9251)
))
(/usr/share/texlive/texmf-dist/tex/latex/enumitem/enumitem.sty
Package: enumitem 2011/09/28 v3.5.2 Customized lists
\enitkv@toks@=\toks16
\labelindent=\skip43
\enit@outerparindent=\dimen103
\enit@toks=\toks17
\enit@inbox=\box26
\enitdp@description=\count88
)
(/usr/share/texlive/texmf-dist/tex/latex/varwidth/varwidth.sty
Package: varwidth 2009/03/30 ver 0.92;  Variable-width minipages
\@vwid@box=\box27
\sift@deathcycles=\count89
\@vwid@loff=\dimen104
\@vwid@roff=\dimen105
)
(/usr/share/texlive/texmf-dist/tex/latex/graphics/graphicx.sty
Package: graphicx 1999/02/16 v1.0f Enhanced LaTeX Graphics (DPC,SPQR)

(/usr/share/texlive/texmf-dist/tex/latex/graphics/keyval.sty
Package: keyval 1999/03/16 v1.13 key=value parser (DPC)
\KV@toks@=\toks18
)
(/usr/share/texlive/texmf-dist/tex/latex/graphics/graphics.sty
Package: graphics 2009/02/05 v1.0o Standard LaTeX Graphics (DPC,SPQR)

(/usr/share/texlive/texmf-dist/tex/latex/graphics/trig.sty
Package: trig 1999/03/16 v1.09 sin cos tan (DPC)
)
(/usr/share/texlive/texmf-dist/tex/latex/latexconfig/graphics.cfg
File: graphics.cfg 2010/04/23 v1.9 graphics configuration of TeX Live
)
Package graphics Info: Driver file: pdftex.def on input line 91.

(/usr/share/texlive/texmf-dist/tex/latex/pdftex-def/pdftex.def
File: pdftex.def 2011/05/27 v0.06d Graphics/color for pdfTeX

(/usr/share/texlive/texmf-dist/tex/generic/oberdiek/infwarerr.sty
Package: infwarerr 2010/04/08 v1.3 Providing info/warning/error messages (HO)
)
(/usr/share/texlive/texmf-dist/tex/generic/oberdiek/ltxcmds.sty
Package: ltxcmds 2011/11/09 v1.22 LaTeX kernel commands for general use (HO)
)
\Gread@gobject=\count90
))
\Gin@req@height=\dimen106
\Gin@req@width=\dimen107
)
(/usr/share/texlive/texmf-dist/tex/latex/caption/caption.sty
Package: caption 2013/05/02 v3.3-89 Customizing captions (AR)

(/usr/share/texlive/texmf-dist/tex/latex/caption/caption3.sty
Package: caption3 2013/05/02 v1.6-88 caption3 kernel (AR)
Package caption3 Info: TeX engine: e-TeX on input line 57.
\captionmargin=\dimen108
\captionmargin@=\dimen109
\captionwidth=\dimen110
\caption@tempdima=\dimen111
\caption@indent=\dimen112
\caption@parindent=\dimen113
\caption@hangindent=\dimen114
)
\c@ContinuedFloat=\count91
)
(/usr/share/texlive/texmf-dist/tex/latex/geometry/geometry.sty
Package: geometry 2010/09/12 v5.6 Page Geometry

(/usr/share/texlive/texmf-dist/tex/generic/oberdiek/ifpdf.sty
Package: ifpdf 2011/01/30 v2.3 Provides the ifpdf switch (HO)
Package ifpdf Info: pdfTeX in PDF mode is detected.
)
(/usr/share/texlive/texmf-dist/tex/generic/oberdiek/ifvtex.sty
Package: ifvtex 2010/03/01 v1.5 Detect VTeX and its facilities (HO)
Package ifvtex Info: VTeX not detected.
)
(/usr/share/texlive/texmf-dist/tex/generic/ifxetex/ifxetex.sty
Package: ifxetex 2010/09/12 v0.6 Provides ifxetex conditional
)
\Gm@cnth=\count92
\Gm@cntv=\count93
\c@Gm@tempcnt=\count94
\Gm@bindingoffset=\dimen115
\Gm@wd@mp=\dimen116
\Gm@odd@mp=\dimen117
\Gm@even@mp=\dimen118
\Gm@layoutwidth=\dimen119
\Gm@layoutheight=\dimen120
\Gm@layouthoffset=\dimen121
\Gm@layoutvoffset=\dimen122
\Gm@dimlist=\toks19
)
(/usr/share/texlive/texmf-dist/tex/latex/appendix/appendix.sty
Package: appendix 2009/09/02 v1.2b extra appendix facilities
\c@@pps=\count95
\c@@ppsavesec=\count96
\c@@ppsaveapp=\count97
)
(/usr/share/texlive/texmf-dist/tex/latex/mdframed/mdframed.sty
Package: mdframed 2013/07/01 1.9b: mdframed

(/usr/share/texlive/texmf-dist/tex/latex/oberdiek/kvoptions.sty
Package: kvoptions 2011/06/30 v3.11 Key value format for package options (HO)

(/usr/share/texlive/texmf-dist/tex/generic/oberdiek/kvsetkeys.sty
Package: kvsetkeys 2012/04/25 v1.16 Key value parser (HO)

(/usr/share/texlive/texmf-dist/tex/generic/oberdiek/etexcmds.sty
Package: etexcmds 2011/02/16 v1.5 Avoid name clashes with e-TeX commands (HO)

(/usr/share/texlive/texmf-dist/tex/generic/oberdiek/ifluatex.sty
Package: ifluatex 2010/03/01 v1.3 Provides the ifluatex switch (HO)
Package ifluatex Info: LuaTeX not detected.
)
Package etexcmds Info: Could not find \expanded.
(etexcmds)             That can mean that you are not using pdfTeX 1.50 or
(etexcmds)             that some package has redefined \expanded.
(etexcmds)             In the latter case, load this package earlier.
)))
(/usr/share/texlive/texmf-dist/tex/latex/l3packages/xparse/xparse.sty
(/usr/share/texlive/texmf-dist/tex/latex/l3kernel/expl3.sty
(/usr/share/texlive/texmf-dist/tex/latex/l3kernel/l3names.sty
(/usr/share/texlive/texmf-dist/tex/latex/l3kernel/l3bootstrap.sty
Package: l3bootstrap 2014/01/04 v4640 L3 Experimental bootstrap code
)
Package: l3names 2014/01/04 v4640 L3 Namespace for primitives
)
(/usr/share/texlive/texmf-dist/tex/latex/etex-pkg/etex.sty
Package: etex 1998/03/26 v2.0 eTeX basic definition package (PEB)
\et@xins=\count98
)
Package: expl3 2014/01/07 v4646 L3 Experimental code bundle wrapper

(/usr/share/texlive/texmf-dist/tex/latex/l3kernel/l3basics.sty
Package: l3basics 2014/01/04 v4642 L3 Basic definitions
)
(/usr/share/texlive/texmf-dist/tex/latex/l3kernel/l3expan.sty
Package: l3expan 2014/01/04 v4642 L3 Argument expansion
)
(/usr/share/texlive/texmf-dist/tex/latex/l3kernel/l3tl.sty
Package: l3tl 2013/12/27 v4625 L3 Token lists
)
(/usr/share/texlive/texmf-dist/tex/latex/l3kernel/l3seq.sty
Package: l3seq 2013/12/14 v4623 L3 Sequences and stacks
)
(/usr/share/texlive/texmf-dist/tex/latex/l3kernel/l3int.sty
Package: l3int 2013/08/02 v4583 L3 Integers
\c_max_int=\count99
\l_tmpa_int=\count100
\l_tmpb_int=\count101
\g_tmpa_int=\count102
\g_tmpb_int=\count103
)
(/usr/share/texlive/texmf-dist/tex/latex/l3kernel/l3quark.sty
Package: l3quark 2013/12/14 v4623 L3 Quarks
)
(/usr/share/texlive/texmf-dist/tex/latex/l3kernel/l3prg.sty
Package: l3prg 2014/01/04 v4642 L3 Control structures
\g__prg_map_int=\count104
)
(/usr/share/texlive/texmf-dist/tex/latex/l3kernel/l3clist.sty
Package: l3clist 2013/07/28 v4581 L3 Comma separated lists
)
(/usr/share/texlive/texmf-dist/tex/latex/l3kernel/l3token.sty
Package: l3token 2013/08/25 v4587 L3 Experimental token manipulation
)
(/usr/share/texlive/texmf-dist/tex/latex/l3kernel/l3prop.sty
Package: l3prop 2013/12/14 v4623 L3 Property lists
)
(/usr/share/texlive/texmf-dist/tex/latex/l3kernel/l3msg.sty
Package: l3msg 2013/07/28 v4581 L3 Messages
)
(/usr/share/texlive/texmf-dist/tex/latex/l3kernel/l3file.sty
Package: l3file 2013/10/13 v4596 L3 File and I/O operations
\l_iow_line_count_int=\count105
\l__iow_target_count_int=\count106
\l__iow_current_line_int=\count107
\l__iow_current_word_int=\count108
\l__iow_current_indentation_int=\count109
)
(/usr/share/texlive/texmf-dist/tex/latex/l3kernel/l3skip.sty
Package: l3skip 2013/07/28 v4581 L3 Dimensions and skips
\c_zero_dim=\dimen123
\c_max_dim=\dimen124
\l_tmpa_dim=\dimen125
\l_tmpb_dim=\dimen126
\g_tmpa_dim=\dimen127
\g_tmpb_dim=\dimen128
\c_zero_skip=\skip44
\c_max_skip=\skip45
\l_tmpa_skip=\skip46
\l_tmpb_skip=\skip47
\g_tmpa_skip=\skip48
\g_tmpb_skip=\skip49
\c_zero_muskip=\muskip10
\c_max_muskip=\muskip11
\l_tmpa_muskip=\muskip12
\l_tmpb_muskip=\muskip13
\g_tmpa_muskip=\muskip14
\g_tmpb_muskip=\muskip15
)
(/usr/share/texlive/texmf-dist/tex/latex/l3kernel/l3keys.sty
Package: l3keys 2013/12/08 v4614 L3 Experimental key-value interfaces
\g__keyval_level_int=\count110
\l_keys_choice_int=\count111
)
(/usr/share/texlive/texmf-dist/tex/latex/l3kernel/l3fp.sty
Package: l3fp 2014/01/04 v4642 L3 Floating points
\c__fp_leading_shift_int=\count112
\c__fp_middle_shift_int=\count113
\c__fp_trailing_shift_int=\count114
\c__fp_big_leading_shift_int=\count115
\c__fp_big_middle_shift_int=\count116
\c__fp_big_trailing_shift_int=\count117
\c__fp_Bigg_leading_shift_int=\count118
\c__fp_Bigg_middle_shift_int=\count119
\c__fp_Bigg_trailing_shift_int=\count120
)
(/usr/share/texlive/texmf-dist/tex/latex/l3kernel/l3box.sty
Package: l3box 2013/07/28 v4581 L3 Experimental boxes
\c_empty_box=\box28
\l_tmpa_box=\box29
\l_tmpb_box=\box30
\g_tmpa_box=\box31
\g_tmpb_box=\box32
)
(/usr/share/texlive/texmf-dist/tex/latex/l3kernel/l3coffins.sty
Package: l3coffins 2013/12/14 v4624 L3 Coffin code layer
\l__coffin_internal_box=\box33
\l__coffin_internal_dim=\dimen129
\l__coffin_offset_x_dim=\dimen130
\l__coffin_offset_y_dim=\dimen131
\l__coffin_x_dim=\dimen132
\l__coffin_y_dim=\dimen133
\l__coffin_x_prime_dim=\dimen134
\l__coffin_y_prime_dim=\dimen135
\c_empty_coffin=\box34
\l__coffin_aligned_coffin=\box35
\l__coffin_aligned_internal_coffin=\box36
\l_tmpa_coffin=\box37
\l_tmpb_coffin=\box38
\l__coffin_display_coffin=\box39
\l__coffin_display_coord_coffin=\box40
\l__coffin_display_pole_coffin=\box41
\l__coffin_display_offset_dim=\dimen136
\l__coffin_display_x_dim=\dimen137
\l__coffin_display_y_dim=\dimen138
)
(/usr/share/texlive/texmf-dist/tex/latex/l3kernel/l3color.sty
Package: l3color 2012/08/29 v4156 L3 Experimental color support
)
(/usr/share/texlive/texmf-dist/tex/latex/l3kernel/l3luatex.sty
Package: l3luatex 2013/07/28 v4581 L3 Experimental LuaTeX-specific functions
\g__cctab_allocate_int=\count121
\g__cctab_stack_int=\count122
)
(/usr/share/texlive/texmf-dist/tex/latex/l3kernel/l3candidates.sty
Package: l3candidates 2014/01/06 v4643 L3 Experimental additions to l3kernel
\l__box_top_dim=\dimen139
\l__box_bottom_dim=\dimen140
\l__box_left_dim=\dimen141
\l__box_right_dim=\dimen142
\l__box_top_new_dim=\dimen143
\l__box_bottom_new_dim=\dimen144
\l__box_left_new_dim=\dimen145
\l__box_right_new_dim=\dimen146
\l__box_internal_box=\box42
\l__coffin_bounding_shift_dim=\dimen147
\l__coffin_left_corner_dim=\dimen148
\l__coffin_right_corner_dim=\dimen149
\l__coffin_bottom_corner_dim=\dimen150
\l__coffin_top_corner_dim=\dimen151
\l__coffin_scaled_total_height_dim=\dimen152
\l__coffin_scaled_width_dim=\dimen153
))
Package: xparse 2013/12/31 v4634 L3 Experimental document command parser
\l__xparse_current_arg_int=\count123
\l__xparse_m_args_int=\count124
\l__xparse_mandatory_args_int=\count125
\l__xparse_processor_int=\count126
\l__xparse_v_nesting_int=\count127
)
(/usr/share/texlive/texmf-dist/tex/latex/etoolbox/etoolbox.sty
Package: etoolbox 2011/01/03 v2.1 e-TeX tools for LaTeX
\etb@tempcnta=\count128
)
(/usr/share/texlive/texmf-dist/tex/latex/oberdiek/zref-abspage.sty
Package: zref-abspage 2012/04/04 v2.24 Module abspage for zref (HO)

(/usr/share/texlive/texmf-dist/tex/latex/oberdiek/zref-base.sty
Package: zref-base 2012/04/04 v2.24 Module base for zref (HO)

(/usr/share/texlive/texmf-dist/tex/generic/oberdiek/kvdefinekeys.sty
Package: kvdefinekeys 2011/04/07 v1.3 Define keys (HO)
)
(/usr/share/texlive/texmf-dist/tex/generic/oberdiek/pdftexcmds.sty
Package: pdftexcmds 2011/11/29 v0.20 Utility functions of pdfTeX for LuaTeX (HO
)
Package pdftexcmds Info: LuaTeX not detected.
Package pdftexcmds Info: \pdf@primitive is available.
Package pdftexcmds Info: \pdf@ifprimitive is available.
Package pdftexcmds Info: \pdfdraftmode found.
)
(/usr/share/texlive/texmf-dist/tex/latex/oberdiek/auxhook.sty
Package: auxhook 2011/03/04 v1.3 Hooks for auxiliary files (HO)
)
Package zref Info: New property list: main on input line 759.
Package zref Info: New property: default on input line 760.
Package zref Info: New property: page on input line 761.
)
(/usr/share/texlive/texmf-dist/tex/generic/oberdiek/atbegshi.sty
Package: atbegshi 2011/10/05 v1.16 At begin shipout hook (HO)
)
\c@abspage=\count129
Package zref Info: New property: abspage on input line 62.
)
(/usr/share/texlive/texmf-dist/tex/latex/needspace/needspace.sty
Package: needspace 2010/09/12 v1.3d reserve vertical space
)
(/usr/share/texlive/texmf-dist/tex/latex/graphics/color.sty
Package: color 2005/11/14 v1.0j Standard LaTeX Color (DPC)

(/usr/share/texlive/texmf-dist/tex/latex/latexconfig/color.cfg
File: color.cfg 2007/01/18 v1.5 color configuration of teTeX/TeXLive
)
Package color Info: Driver file: pdftex.def on input line 130.
)
\mdf@templength=\skip50
\c@mdf@globalstyle@cnt=\count130
\mdf@skipabove@length=\skip51
\mdf@skipbelow@length=\skip52
\mdf@leftmargin@length=\skip53
\mdf@rightmargin@length=\skip54
\mdf@innerleftmargin@length=\skip55
\mdf@innerrightmargin@length=\skip56
\mdf@innertopmargin@length=\skip57
\mdf@innerbottommargin@length=\skip58
\mdf@splittopskip@length=\skip59
\mdf@splitbottomskip@length=\skip60
\mdf@outermargin@length=\skip61
\mdf@innermargin@length=\skip62
\mdf@linewidth@length=\skip63
\mdf@innerlinewidth@length=\skip64
\mdf@middlelinewidth@length=\skip65
\mdf@outerlinewidth@length=\skip66
\mdf@roundcorner@length=\skip67
\mdf@footenotedistance@length=\skip68
\mdf@userdefinedwidth@length=\skip69
\mdf@needspace@length=\skip70
\mdf@frametitleaboveskip@length=\skip71
\mdf@frametitlebelowskip@length=\skip72
\mdf@frametitlerulewidth@length=\skip73
\mdf@frametitleleftmargin@length=\skip74
\mdf@frametitlerightmargin@length=\skip75
\mdf@shadowsize@length=\skip76
\mdf@extratopheight@length=\skip77
\mdf@subtitleabovelinewidth@length=\skip78
\mdf@subtitlebelowlinewidth@length=\skip79
\mdf@subtitleaboveskip@length=\skip80
\mdf@subtitlebelowskip@length=\skip81
\mdf@subtitleinneraboveskip@length=\skip82
\mdf@subtitleinnerbelowskip@length=\skip83
\mdf@subsubtitleabovelinewidth@length=\skip84
\mdf@subsubtitlebelowlinewidth@length=\skip85
\mdf@subsubtitleaboveskip@length=\skip86
\mdf@subsubtitlebelowskip@length=\skip87
\mdf@subsubtitleinneraboveskip@length=\skip88
\mdf@subsubtitleinnerbelowskip@length=\skip89

(/usr/share/texlive/texmf-dist/tex/latex/mdframed/md-frame-0.mdf
File: md-frame-0.mdf 2013/07/01\ 1.9b: md-frame-0
)
\mdf@frametitlebox=\box43
\mdf@footnotebox=\box44
\mdf@splitbox@one=\box45
\mdf@splitbox@two=\box46
\mdf@splitbox@save=\box47
\mdfsplitboxwidth=\skip90
\mdfsplitboxtotalwidth=\skip91
\mdfsplitboxheight=\skip92
\mdfsplitboxdepth=\skip93
\mdfsplitboxtotalheight=\skip94
\mdfframetitleboxwidth=\skip95
\mdfframetitleboxtotalwidth=\skip96
\mdfframetitleboxheight=\skip97
\mdfframetitleboxdepth=\skip98
\mdfframetitleboxtotalheight=\skip99
\mdffootnoteboxwidth=\skip100
\mdffootnoteboxtotalwidth=\skip101
\mdffootnoteboxheight=\skip102
\mdffootnoteboxdepth=\skip103
\mdffootnoteboxtotalheight=\skip104
\mdftotallinewidth=\skip105
\mdfboundingboxwidth=\skip106
\mdfboundingboxtotalwidth=\skip107
\mdfboundingboxheight=\skip108
\mdfboundingboxdepth=\skip109
\mdfboundingboxtotalheight=\skip110
\mdf@freevspace@length=\skip111
\mdf@horizontalwidthofbox@length=\skip112
\mdf@verticalmarginwhole@length=\skip113
\mdf@horizontalspaceofbox=\skip114
\mdfsubtitleheight=\skip115
\mdfsubsubtitleheight=\skip116
\c@mdfcountframes=\count131

****** mdframed patching \endmdf@trivlist

****** -- success******

.................................................
. LaTeX info: "xparse/define-command"
. 
. Defining document command \newmdtheoremenv with arg. spec. 'O{} m o m o ' on
. line 601.
.................................................
.................................................
. LaTeX info: "xparse/define-command"
. 
. Defining document command \mdtheorem with arg. spec. ' O{} m o m o ' on line
. 701.
.................................................
\mdf@envdepth=\count132
\c@mdf@env@i=\count133
\c@mdf@env@ii=\count134
\c@mdf@zref@counter=\count135
Package zref Info: New property: mdf@pagevalue on input line 895.
)
(/usr/share/texlive/texmf-dist/tex/latex/framed/framed.sty
Package: framed 2011/10/22 v 0.96: framed or shaded text with page breaks
\OuterFrameSep=\skip117
\fb@frw=\dimen154
\fb@frh=\dimen155
\FrameRule=\dimen156
\FrameSep=\dimen157
)
(/usr/share/texlive/texmf-dist/tex/latex/listings/listings.sty
\lst@mode=\count136
\lst@gtempboxa=\box48
\lst@token=\toks20
\lst@length=\count137
\lst@currlwidth=\dimen158
\lst@column=\count138
\lst@pos=\count139
\lst@lostspace=\dimen159
\lst@width=\dimen160
\lst@newlines=\count140
\lst@lineno=\count141
\lst@maxwidth=\dimen161

(/usr/share/texlive/texmf-dist/tex/latex/listings/lstmisc.sty
File: lstmisc.sty 2013/08/26 1.5b (Carsten Heinz)
\c@lstnumber=\count142
\lst@skipnumbers=\count143
\lst@framebox=\box49
)
(/usr/share/texlive/texmf-dist/tex/latex/listings/listings.cfg
File: listings.cfg 2013/08/26 1.5b listings configuration
))
Package: listings 2013/08/26 1.5b (Carsten Heinz)

(/usr/share/texlive/texmf-dist/tex/latex/smartdiagram/smartdiagram.sty
Package: smartdiagram 2013/04/19 v0.3a Automatic creation of smart diagrams fro
m lists of items.

(/usr/share/texmf/tex/latex/pgf/frontendlayer/tikz.sty
(/usr/share/texmf/tex/latex/pgf/basiclayer/pgf.sty
(/usr/share/texmf/tex/latex/pgf/utilities/pgfrcs.sty
(/usr/share/texmf/tex/generic/pgf/utilities/pgfutil-common.tex
\pgfutil@everybye=\toks21
)
(/usr/share/texmf/tex/generic/pgf/utilities/pgfutil-latex.def
\pgfutil@abb=\box50

(/usr/share/texlive/texmf-dist/tex/latex/ms/everyshi.sty
Package: everyshi 2001/05/15 v3.00 EveryShipout Package (MS)
))
(/usr/share/texmf/tex/generic/pgf/utilities/pgfrcs.code.tex
Package: pgfrcs 2010/10/25 v2.10 (rcs-revision 1.24)
))
Package: pgf 2008/01/15 v2.10 (rcs-revision 1.12)

(/usr/share/texmf/tex/latex/pgf/basiclayer/pgfcore.sty
(/usr/share/texmf/tex/latex/pgf/systemlayer/pgfsys.sty
(/usr/share/texmf/tex/generic/pgf/systemlayer/pgfsys.code.tex
Package: pgfsys 2010/06/30 v2.10 (rcs-revision 1.37)

(/usr/share/texmf/tex/generic/pgf/utilities/pgfkeys.code.tex
\pgfkeys@pathtoks=\toks22
\pgfkeys@temptoks=\toks23

(/usr/share/texmf/tex/generic/pgf/utilities/pgfkeysfiltered.code.tex
\pgfkeys@tmptoks=\toks24
))
\pgf@x=\dimen162
\pgf@y=\dimen163
\pgf@xa=\dimen164
\pgf@ya=\dimen165
\pgf@xb=\dimen166
\pgf@yb=\dimen167
\pgf@xc=\dimen168
\pgf@yc=\dimen169
\w@pgf@writea=\write3
\r@pgf@reada=\read1
\c@pgf@counta=\count144
\c@pgf@countb=\count145
\c@pgf@countc=\count146
\c@pgf@countd=\count147

(/usr/share/texmf/tex/generic/pgf/systemlayer/pgf.cfg
File: pgf.cfg 2008/05/14  (rcs-revision 1.7)
)
Package pgfsys Info: Driver file for pgf: pgfsys-pdftex.def on input line 900.

(/usr/share/texmf/tex/generic/pgf/systemlayer/pgfsys-pdftex.def
File: pgfsys-pdftex.def 2009/05/22  (rcs-revision 1.26)

(/usr/share/texmf/tex/generic/pgf/systemlayer/pgfsys-common-pdf.def
File: pgfsys-common-pdf.def 2008/05/19  (rcs-revision 1.10)
)))
(/usr/share/texmf/tex/generic/pgf/systemlayer/pgfsyssoftpath.code.tex
File: pgfsyssoftpath.code.tex 2008/07/18  (rcs-revision 1.7)
\pgfsyssoftpath@smallbuffer@items=\count148
\pgfsyssoftpath@bigbuffer@items=\count149
)
(/usr/share/texmf/tex/generic/pgf/systemlayer/pgfsysprotocol.code.tex
File: pgfsysprotocol.code.tex 2006/10/16  (rcs-revision 1.4)
))
(/usr/share/texmf/tex/latex/xcolor/xcolor.sty
Package: xcolor 2007/01/21 v2.11 LaTeX color extensions (UK)

(/usr/share/texlive/texmf-dist/tex/latex/latexconfig/color.cfg
File: color.cfg 2007/01/18 v1.5 color configuration of teTeX/TeXLive
)
Package xcolor Info: Driver file: pdftex.def on input line 225.
LaTeX Info: Redefining \color on input line 702.
Package xcolor Info: Model `cmy' substituted by `cmy0' on input line 1337.
Package xcolor Info: Model `hsb' substituted by `rgb' on input line 1341.
Package xcolor Info: Model `RGB' extended on input line 1353.
Package xcolor Info: Model `HTML' substituted by `rgb' on input line 1355.
Package xcolor Info: Model `Hsb' substituted by `hsb' on input line 1356.
Package xcolor Info: Model `tHsb' substituted by `hsb' on input line 1357.
Package xcolor Info: Model `HSB' substituted by `hsb' on input line 1358.
Package xcolor Info: Model `Gray' substituted by `gray' on input line 1359.
Package xcolor Info: Model `wave' substituted by `hsb' on input line 1360.
)
(/usr/share/texmf/tex/generic/pgf/basiclayer/pgfcore.code.tex
Package: pgfcore 2010/04/11 v2.10 (rcs-revision 1.7)

(/usr/share/texmf/tex/generic/pgf/math/pgfmath.code.tex
(/usr/share/texmf/tex/generic/pgf/math/pgfmathcalc.code.tex
(/usr/share/texmf/tex/generic/pgf/math/pgfmathutil.code.tex)
(/usr/share/texmf/tex/generic/pgf/math/pgfmathparser.code.tex
\pgfmath@dimen=\dimen170
\pgfmath@count=\count150
\pgfmath@box=\box51
\pgfmath@toks=\toks25
\pgfmath@stack@operand=\toks26
\pgfmath@stack@operation=\toks27
)
(/usr/share/texmf/tex/generic/pgf/math/pgfmathfunctions.code.tex
(/usr/share/texmf/tex/generic/pgf/math/pgfmathfunctions.basic.code.tex)
(/usr/share/texmf/tex/generic/pgf/math/pgfmathfunctions.trigonometric.code.tex)
(/usr/share/texmf/tex/generic/pgf/math/pgfmathfunctions.random.code.tex)
(/usr/share/texmf/tex/generic/pgf/math/pgfmathfunctions.comparison.code.tex)
(/usr/share/texmf/tex/generic/pgf/math/pgfmathfunctions.base.code.tex)
(/usr/share/texmf/tex/generic/pgf/math/pgfmathfunctions.round.code.tex)
(/usr/share/texmf/tex/generic/pgf/math/pgfmathfunctions.misc.code.tex)))
(/usr/share/texmf/tex/generic/pgf/math/pgfmathfloat.code.tex
\c@pgfmathroundto@lastzeros=\count151
))
(/usr/share/texmf/tex/generic/pgf/basiclayer/pgfcorepoints.code.tex
File: pgfcorepoints.code.tex 2010/04/09  (rcs-revision 1.20)
\pgf@picminx=\dimen171
\pgf@picmaxx=\dimen172
\pgf@picminy=\dimen173
\pgf@picmaxy=\dimen174
\pgf@pathminx=\dimen175
\pgf@pathmaxx=\dimen176
\pgf@pathminy=\dimen177
\pgf@pathmaxy=\dimen178
\pgf@xx=\dimen179
\pgf@xy=\dimen180
\pgf@yx=\dimen181
\pgf@yy=\dimen182
\pgf@zx=\dimen183
\pgf@zy=\dimen184
)
(/usr/share/texmf/tex/generic/pgf/basiclayer/pgfcorepathconstruct.code.tex
File: pgfcorepathconstruct.code.tex 2010/08/03  (rcs-revision 1.24)
\pgf@path@lastx=\dimen185
\pgf@path@lasty=\dimen186
)
(/usr/share/texmf/tex/generic/pgf/basiclayer/pgfcorepathusage.code.tex
File: pgfcorepathusage.code.tex 2008/04/22  (rcs-revision 1.12)
\pgf@shorten@end@additional=\dimen187
\pgf@shorten@start@additional=\dimen188
)
(/usr/share/texmf/tex/generic/pgf/basiclayer/pgfcorescopes.code.tex
File: pgfcorescopes.code.tex 2010/09/08  (rcs-revision 1.34)
\pgfpic=\box52
\pgf@hbox=\box53
\pgf@layerbox@main=\box54
\pgf@picture@serial@count=\count152
)
(/usr/share/texmf/tex/generic/pgf/basiclayer/pgfcoregraphicstate.code.tex
File: pgfcoregraphicstate.code.tex 2008/04/22  (rcs-revision 1.9)
\pgflinewidth=\dimen189
)
(/usr/share/texmf/tex/generic/pgf/basiclayer/pgfcoretransformations.code.tex
File: pgfcoretransformations.code.tex 2009/06/10  (rcs-revision 1.11)
\pgf@pt@x=\dimen190
\pgf@pt@y=\dimen191
\pgf@pt@temp=\dimen192
)
(/usr/share/texmf/tex/generic/pgf/basiclayer/pgfcorequick.code.tex
File: pgfcorequick.code.tex 2008/10/09  (rcs-revision 1.3)
)
(/usr/share/texmf/tex/generic/pgf/basiclayer/pgfcoreobjects.code.tex
File: pgfcoreobjects.code.tex 2006/10/11  (rcs-revision 1.2)
)
(/usr/share/texmf/tex/generic/pgf/basiclayer/pgfcorepathprocessing.code.tex
File: pgfcorepathprocessing.code.tex 2008/10/09  (rcs-revision 1.8)
)
(/usr/share/texmf/tex/generic/pgf/basiclayer/pgfcorearrows.code.tex
File: pgfcorearrows.code.tex 2008/04/23  (rcs-revision 1.11)
)
(/usr/share/texmf/tex/generic/pgf/basiclayer/pgfcoreshade.code.tex
File: pgfcoreshade.code.tex 2008/11/23  (rcs-revision 1.13)
\pgf@max=\dimen193
\pgf@sys@shading@range@num=\count153
)
(/usr/share/texmf/tex/generic/pgf/basiclayer/pgfcoreimage.code.tex
File: pgfcoreimage.code.tex 2010/03/25  (rcs-revision 1.16)

(/usr/share/texmf/tex/generic/pgf/basiclayer/pgfcoreexternal.code.tex
File: pgfcoreexternal.code.tex 2010/09/01  (rcs-revision 1.17)
\pgfexternal@startupbox=\box55
))
(/usr/share/texmf/tex/generic/pgf/basiclayer/pgfcorelayers.code.tex
File: pgfcorelayers.code.tex 2010/08/27  (rcs-revision 1.2)
)
(/usr/share/texmf/tex/generic/pgf/basiclayer/pgfcoretransparency.code.tex
File: pgfcoretransparency.code.tex 2008/01/17  (rcs-revision 1.2)
)
(/usr/share/texmf/tex/generic/pgf/basiclayer/pgfcorepatterns.code.tex
File: pgfcorepatterns.code.tex 2009/07/02  (rcs-revision 1.3)
)))
(/usr/share/texmf/tex/generic/pgf/modules/pgfmoduleshapes.code.tex
File: pgfmoduleshapes.code.tex 2010/09/09  (rcs-revision 1.13)
\pgfnodeparttextbox=\box56
)
(/usr/share/texmf/tex/generic/pgf/modules/pgfmoduleplot.code.tex
File: pgfmoduleplot.code.tex 2010/10/22  (rcs-revision 1.8)
)
(/usr/share/texmf/tex/latex/pgf/compatibility/pgfcomp-version-0-65.sty
Package: pgfcomp-version-0-65 2007/07/03 v2.10 (rcs-revision 1.7)
\pgf@nodesepstart=\dimen194
\pgf@nodesepend=\dimen195
)
(/usr/share/texmf/tex/latex/pgf/compatibility/pgfcomp-version-1-18.sty
Package: pgfcomp-version-1-18 2007/07/23 v2.10 (rcs-revision 1.1)
))
(/usr/share/texmf/tex/latex/pgf/utilities/pgffor.sty
(/usr/share/texmf/tex/latex/pgf/utilities/pgfkeys.sty
(/usr/share/texmf/tex/generic/pgf/utilities/pgfkeys.code.tex))
(/usr/share/texmf/tex/generic/pgf/utilities/pgffor.code.tex
Package: pgffor 2010/03/23 v2.10 (rcs-revision 1.18)
\pgffor@iter=\dimen196
\pgffor@skip=\dimen197
\pgffor@stack=\toks28
\pgffor@toks=\toks29
))
(/usr/share/texmf/tex/generic/pgf/frontendlayer/tikz/tikz.code.tex
Package: tikz 2010/10/13 v2.10 (rcs-revision 1.76)

(/usr/share/texmf/tex/generic/pgf/libraries/pgflibraryplothandlers.code.tex
File: pgflibraryplothandlers.code.tex 2010/05/31 v2.10 (rcs-revision 1.15)
\pgf@plot@mark@count=\count154
\pgfplotmarksize=\dimen198
)
\tikz@lastx=\dimen199
\tikz@lasty=\dimen200
\tikz@lastxsaved=\dimen201
Normal \dimen register pool exhausted, switching to extended pool.
\tikz@lastysaved=\dimen256
\tikzleveldistance=\dimen257
\tikzsiblingdistance=\dimen258
\tikz@figbox=\box57
\tikz@tempbox=\box58
\tikztreelevel=\count155
\tikznumberofchildren=\count156
\tikznumberofcurrentchild=\count157
\tikz@fig@count=\count158

(/usr/share/texmf/tex/generic/pgf/modules/pgfmodulematrix.code.tex
File: pgfmodulematrix.code.tex 2010/08/24  (rcs-revision 1.4)
\pgfmatrixcurrentrow=\count159
\pgfmatrixcurrentcolumn=\count160
\pgf@matrix@numberofcolumns=\count161
)
\tikz@expandcount=\count162

(/usr/share/texmf/tex/generic/pgf/frontendlayer/tikz/libraries/tikzlibrarytopat
hs.code.tex
File: tikzlibrarytopaths.code.tex 2008/06/17 v2.10 (rcs-revision 1.2)
))) (/usr/share/texlive/texmf-dist/tex/generic/xstring/xstring.sty
(/usr/share/texlive/texmf-dist/tex/generic/xstring/xstring.tex
\@xs@message=\write4
\integerpart=\count163
\decimalpart=\count164
)
Package: xstring 2013/10/13  v1.7c  String manipulations (C Tellechea)
)
(/usr/share/texmf/tex/generic/pgf/frontendlayer/tikz/libraries/tikzlibrarybackg
rounds.code.tex
File: tikzlibrarybackgrounds.code.tex 2010/02/08 v2.10 (rcs-revision 1.2)
\pgf@layerbox@background=\box59
\pgf@layerboxsaved@background=\box60
)
(/usr/share/texmf/tex/generic/pgf/frontendlayer/tikz/libraries/tikzlibrarycalc.
code.tex
File: tikzlibrarycalc.code.tex 2009/09/04 v2.10 (rcs-revision 1.6)
)
(/usr/share/texmf/tex/generic/pgf/frontendlayer/tikz/libraries/tikzlibraryfadin
gs.code.tex
File: tikzlibraryfadings.code.tex 2009/11/15 v2.10 (rcs-revision 1.2)

(/usr/share/texmf/tex/generic/pgf/libraries/pgflibraryfadings.code.tex
File: pgflibraryfadings.code.tex 2008/02/07 v2.10 (rcs-revision 1.3)
))
(/usr/share/texmf/tex/generic/pgf/frontendlayer/tikz/libraries/tikzlibraryshado
ws.code.tex
File: tikzlibraryshadows.code.tex 2008/01/13 v2.10 (rcs-revision 1.3)
)
(/usr/share/texmf/tex/generic/pgf/frontendlayer/tikz/libraries/tikzlibraryshape
s.arrows.code.tex
File: tikzlibraryshapes.arrows.code.tex 2008/01/09 v2.10 (rcs-revision 1.1)

(/usr/share/texmf/tex/generic/pgf/libraries/shapes/pgflibraryshapes.arrows.code
.tex
File: pgflibraryshapes.arrows.code.tex 2008/06/26 v2.10 (rcs-revision 1.1)
))
(/usr/share/texmf/tex/generic/pgf/frontendlayer/tikz/libraries/tikzlibraryshape
s.symbols.code.tex
File: tikzlibraryshapes.symbols.code.tex 2008/01/09 v2.10 (rcs-revision 1.1)

(/usr/share/texmf/tex/generic/pgf/libraries/shapes/pgflibraryshapes.symbols.cod
e.tex
File: pgflibraryshapes.symbols.code.tex 2009/10/27 v2.10 (rcs-revision 1.3)
))
\pgf@layerbox@smart diagram arrow back=\box61
\pgf@layerboxsaved@smart diagram arrow back=\box62

(/usr/share/texlive/texmf-dist/tex/latex/smartdiagram/smartdiagramlibrarycore.d
efinitions.code.tex
.................................................
. LaTeX info: "xparse/define-command"
. 
. Defining document command \smartdiagramset with arg. spec. 'm' on line 262.
.................................................
)
(/usr/share/texlive/texmf-dist/tex/latex/smartdiagram/smartdiagramlibrarycore.s
tyles.code.tex)
(/usr/share/texlive/texmf-dist/tex/latex/smartdiagram/smartdiagramlibrarycore.c
ommands.code.tex
.................................................
. LaTeX info: "xparse/define-command"
. 
. Defining document command \smartdiagram with arg. spec. 'r[] m' on line 244.
.................................................
.................................................
. LaTeX info: "xparse/define-command"
. 
. Defining document command \smartdiagramanimated with arg. spec. 'r[] m' on
. line 487.
.................................................
)) (/usr/share/texlive/texmf-dist/tex/latex/amsmath/amsmath.sty
Package: amsmath 2013/01/14 v2.14 AMS math features
\@mathmargin=\skip118
For additional information on amsmath, use the `?' option.
(/usr/share/texlive/texmf-dist/tex/latex/amsmath/amstext.sty
Package: amstext 2000/06/29 v2.01

(/usr/share/texlive/texmf-dist/tex/latex/amsmath/amsgen.sty
File: amsgen.sty 1999/11/30 v2.0
\@emptytoks=\toks30
\ex@=\dimen259
))
(/usr/share/texlive/texmf-dist/tex/latex/amsmath/amsbsy.sty
Package: amsbsy 1999/11/29 v1.2d
\pmbraise@=\dimen260
)
(/usr/share/texlive/texmf-dist/tex/latex/amsmath/amsopn.sty
Package: amsopn 1999/12/14 v2.01 operator names
)
\inf@bad=\count165
LaTeX Info: Redefining \frac on input line 210.
\uproot@=\count166
\leftroot@=\count167
LaTeX Info: Redefining \overline on input line 306.
\classnum@=\count168
\DOTSCASE@=\count169
LaTeX Info: Redefining \ldots on input line 378.
LaTeX Info: Redefining \dots on input line 381.
LaTeX Info: Redefining \cdots on input line 466.
\Mathstrutbox@=\box63
\strutbox@=\box64
\big@size=\dimen261
LaTeX Font Info:    Redeclaring font encoding OML on input line 566.
LaTeX Font Info:    Redeclaring font encoding OMS on input line 567.
\macc@depth=\count170
\c@MaxMatrixCols=\count171
\dotsspace@=\muskip16
\c@parentequation=\count172
\dspbrk@lvl=\count173
\tag@help=\toks31
\row@=\count174
\column@=\count175
\maxfields@=\count176
\andhelp@=\toks32
\eqnshift@=\dimen262
\alignsep@=\dimen263
\tagshift@=\dimen264
\tagwidth@=\dimen265
\totwidth@=\dimen266
\lineht@=\dimen267
\@envbody=\toks33
\multlinegap=\skip119
\multlinetaggap=\skip120
\mathdisplay@stack=\toks34
LaTeX Info: Redefining \[ on input line 2665.
LaTeX Info: Redefining \] on input line 2666.
)
(/usr/share/texlive/texmf-dist/tex/latex/smartdiagram/smartdiagramlibraryadditi
ons.code.tex
(/usr/share/texmf/tex/generic/pgf/frontendlayer/tikz/libraries/tikzlibraryposit
ioning.code.tex
File: tikzlibrarypositioning.code.tex 2008/10/06 v2.10 (rcs-revision 1.7)
)
.................................................
. LaTeX info: "xparse/define-command"
. 
. Defining document command \smartdiagramadd with arg. spec. 'r[] m m' on line
. 128.
.................................................
.................................................
. LaTeX info: "xparse/define-command"
. 
. Defining document command \smartdiagramconnect with arg. spec. 'm m' on line
. 135.
.................................................
)
(/usr/share/texlive/texmf-dist/tex/latex/listings/lstlang1.sty
File: lstlang1.sty 2013/08/26 1.5b listings language file
)
(/usr/share/texlive/texmf-dist/tex/latex/listings/lstmisc.sty
File: lstmisc.sty 2013/08/26 1.5b (Carsten Heinz)
)
(./Rapport_DM_part1.aux

LaTeX Warning: Label `labelname' multiply defined.


LaTeX Warning: Label `labelname' multiply defined.


LaTeX Warning: Label `labelname' multiply defined.


LaTeX Warning: Label `labelname' multiply defined.


LaTeX Warning: Label `labelname' multiply defined.


LaTeX Warning: Label `labelname' multiply defined.


LaTeX Warning: Label `labelname' multiply defined.


LaTeX Warning: Label `labelname' multiply defined.


LaTeX Warning: Label `labelname' multiply defined.


LaTeX Warning: Label `labelname' multiply defined.


LaTeX Warning: Label `labelname' multiply defined.


LaTeX Warning: Label `labelname' multiply defined.


LaTeX Warning: Label `labelname' multiply defined.


LaTeX Warning: Label `labelname' multiply defined.


LaTeX Warning: Label `labelname' multiply defined.


LaTeX Warning: Label `labelname' multiply defined.


LaTeX Warning: Label `labelname' multiply defined.


LaTeX Warning: Label `labelname' multiply defined.


LaTeX Warning: Label `labelname' multiply defined.


LaTeX Warning: Label `labelname' multiply defined.


LaTeX Warning: Label `labelname' multiply defined.


LaTeX Warning: Label `labelname' multiply defined.


LaTeX Warning: Label `labelname' multiply defined.


LaTeX Warning: Label `labelname' multiply defined.


LaTeX Warning: Label `labelname' multiply defined.


LaTeX Warning: Label `labelname' multiply defined.


LaTeX Warning: Label `labelname' multiply defined.


LaTeX Warning: Label `labelname' multiply defined.


LaTeX Warning: Label `labelname' multiply defined.


LaTeX Warning: Label `labelname' multiply defined.


LaTeX Warning: Label `labelname' multiply defined.


LaTeX Warning: Label `labelname' multiply defined.


LaTeX Warning: Label `labelname' multiply defined.


LaTeX Warning: Label `labelname' multiply defined.


LaTeX Warning: Label `labelname' multiply defined.


LaTeX Warning: Label `labelname' multiply defined.


LaTeX Warning: Label `labelname' multiply defined.


LaTeX Warning: Label `labelname' multiply defined.


LaTeX Warning: Label `labelname' multiply defined.


LaTeX Warning: Label `labelname' multiply defined.


LaTeX Warning: Label `labelname' multiply defined.


LaTeX Warning: Label `labelname' multiply defined.


LaTeX Warning: Label `labelname' multiply defined.


LaTeX Warning: Label `labelname' multiply defined.


LaTeX Warning: Label `labelname' multiply defined.

)
\openout1 = `Rapport_DM_part1.aux'.

LaTeX Font Info:    Checking defaults for OML/cmm/m/it on input line 83.
LaTeX Font Info:    ... okay on input line 83.
LaTeX Font Info:    Checking defaults for T1/cmr/m/n on input line 83.
LaTeX Font Info:    ... okay on input line 83.
LaTeX Font Info:    Checking defaults for OT1/cmr/m/n on input line 83.
LaTeX Font Info:    ... okay on input line 83.
LaTeX Font Info:    Checking defaults for OMS/cmsy/m/n on input line 83.
LaTeX Font Info:    ... okay on input line 83.
LaTeX Font Info:    Checking defaults for OMX/cmex/m/n on input line 83.
LaTeX Font Info:    ... okay on input line 83.
LaTeX Font Info:    Checking defaults for U/cmr/m/n on input line 83.
LaTeX Font Info:    ... okay on input line 83.
 (/usr/share/texlive/texmf-dist/tex/context/base/supp-pdf.mkii
[Loading MPS to PDF converter (version 2006.09.02).]
\scratchcounter=\count177
\scratchdimen=\dimen268
\scratchbox=\box65
\nofMPsegments=\count178
\nofMParguments=\count179
\everyMPshowfont=\toks35
\MPscratchCnt=\count180
\MPscratchDim=\dimen269
\MPnumerator=\count181
\makeMPintoPDFobject=\count182
\everyMPtoPDFconversion=\toks36
) (/usr/share/texlive/texmf-dist/tex/latex/oberdiek/epstopdf-base.sty
Package: epstopdf-base 2010/02/09 v2.5 Base part for package epstopdf

(/usr/share/texlive/texmf-dist/tex/latex/oberdiek/grfext.sty
Package: grfext 2010/08/19 v1.1 Manage graphics extensions (HO)
)
Package grfext Info: Graphics extension search list:
(grfext)             [.png,.pdf,.jpg,.mps,.jpeg,.jbig2,.jb2,.PNG,.PDF,.JPG,.JPE
G,.JBIG2,.JB2,.eps]
(grfext)             \AppendGraphicsExtensions on input line 452.

(/usr/share/texlive/texmf-dist/tex/latex/latexconfig/epstopdf-sys.cfg
File: epstopdf-sys.cfg 2010/07/13 v1.3 Configuration of (r)epstopdf for TeX Liv
e
))
Package caption Info: Begin \AtBeginDocument code.
Package caption Info: listings package is loaded.
Package caption Info: End \AtBeginDocument code.

*geometry* driver: auto-detecting
*geometry* detected driver: pdftex
*geometry* verbose mode - [ preamble ] result:
* driver: pdftex
* paper: a4paper
* layout: <same size as paper>
* layoutoffset:(h,v)=(0.0pt,0.0pt)
* modes: 
* h-part:(L,W,R)=(71.13188pt, 455.24411pt, 71.13188pt)
* v-part:(T,H,B)=(71.13188pt, 688.5567pt, 85.35826pt)
* \paperwidth=597.50787pt
* \paperheight=845.04684pt
* \textwidth=455.24411pt
* \textheight=688.5567pt
* \oddsidemargin=-1.1381pt
* \evensidemargin=-1.1381pt
* \topmargin=-33.0119pt
* \headheight=12.0pt
* \headsep=19.8738pt
* \topskip=12.0pt
* \footskip=30.0pt
* \marginparwidth=38.0pt
* \marginparsep=7.0pt
* \columnsep=10.0pt
* \skip\footins=10.8pt plus 4.0pt minus 2.0pt
* \hoffset=0.0pt
* \voffset=0.0pt
* \mag=1000
* \@twocolumnfalse
* \@twosidefalse
* \@mparswitchfalse
* \@reversemarginfalse
* (1in=72.27pt=25.4mm, 1cm=28.453pt)

\AtBeginShipoutBox=\box66
\c@lstlisting=\count183
ABD: EveryShipout initializing macros (./front_page.tex
<USTHB_Logo.png, id=22, 240.9pt x 240.9pt>
File: USTHB_Logo.png Graphic file (type png)
 <use USTHB_Logo.png>
Package pdftex.def Info: USTHB_Logo.png used on input line 23.
(pdftex.def)             Requested size: 136.57462pt x 136.57925pt.
 [1


{/var/lib/texmf/fonts/map/pdftex/updmap/pdftex.map} <./USTHB_Logo.png>])
(./Rapport_DM_part1.toc)
\tf@toc=\write5
\openout5 = `Rapport_DM_part1.toc'.

 [1

] (./Rapport_DM_part1.lof [2

])
\tf@lof=\write6
\openout6 = `Rapport_DM_part1.lof'.

 [3]
Chapter 1.

LaTeX Font Warning: Font shape `OT1/cmss/m/it' in size <12> not available
(Font)              Font shape `OT1/cmss/m/sl' tried instead on input line 99.


Underfull \hbox (badness 10000) in paragraph at lines 110--111

 []


Underfull \hbox (badness 10000) in paragraph at lines 112--113

 []

<screens/avantMissing.png, id=46, 1371.1225pt x 770.88pt>
File: screens/avantMissing.png Graphic file (type png)

<use screens/avantMissing.png>
Package pdftex.def Info: screens/avantMissing.png used on input line 117.
(pdftex.def)             Requested size: 455.24411pt x 255.94386pt.
 [4

]
<screens/dic1.png, id=52, 1071.00125pt x 585.18625pt>
File: screens/dic1.png Graphic file (type png)
 <use screens/dic1.png>
Package pdftex.def Info: screens/dic1.png used on input line 138.
(pdftex.def)             Requested size: 455.24411pt x 248.74104pt.

[5 <./screens/avantMissing.png>]
<screens/dic2.png, id=56, 889.3225pt x 429.605pt>
File: screens/dic2.png Graphic file (type png)
 <use screens/dic2.png>
Package pdftex.def Info: screens/dic2.png used on input line 144.
(pdftex.def)             Requested size: 455.24411pt x 219.91505pt.

Underfull \hbox (badness 10000) in paragraph at lines 148--150

 []

<screens/dicnominal1.png, id=57, 1071.00125pt x 365.365pt>
File: screens/dicnominal1.png Graphic file (type png)

<use screens/dicnominal1.png>
Package pdftex.def Info: screens/dicnominal1.png used on input line 153.
(pdftex.def)             Requested size: 455.24411pt x 155.30315pt.
 [6 <./screens/dic1.png> <./screens/dic2.png>]
<screens/dicnominal.png, id=62, 1071.00125pt x 588.1975pt>
File: screens/dicnominal.png Graphic file (type png)

<use screens/dicnominal.png>
Package pdftex.def Info: screens/dicnominal.png used on input line 159.
(pdftex.def)             Requested size: 455.24411pt x 250.02101pt.
File: screens/avantMissing.png Graphic file (type png)
 <use screens/avantMissing.png>
Package pdftex.def Info: screens/avantMissing.png used on input line 167.
(pdftex.def)             Requested size: 455.24411pt x 255.94386pt.
 [7 <./screens/dicnominal1.png> <./screens/dicnominal.png>]
Underfull \hbox (badness 10000) in paragraph at lines 171--172

 []

<screens/apresMissing.png, id=66, 1371.1225pt x 770.88pt>
File: screens/apresMissing.png Graphic file (type png)

<use screens/apresMissing.png>
Package pdftex.def Info: screens/apresMissing.png used on input line 176.
(pdftex.def)             Requested size: 455.24411pt x 255.94386pt.
 [8 <./screens/apresMissing.png>]
Underfull \hbox (badness 10000) in paragraph at lines 188--193

 []


Underfull \hbox (badness 10000) in paragraph at lines 215--216

 []

[9] <screens/avantDiscr.png, id=77, 1371.1225pt x 770.88pt>
File: screens/avantDiscr.png Graphic file (type png)

<use screens/avantDiscr.png>
Package pdftex.def Info: screens/avantDiscr.png used on input line 223.
(pdftex.def)             Requested size: 455.24411pt x 255.94386pt.

Overfull \hbox (31.08482pt too wide) in paragraph at lines 227--228
[]\OT1/cmss/m/n/12 Apr^^Res avoir s^^Selectionn^^Se dans la barre des menus l'o
ption \OT1/cmss/bx/n/12 Data Trans-for-ma-tion $\OML/cmm/m/it/12 >$ \OT1/cmss/b
x/n/12 Discr^^Setisation
 []

<screens/apresDiscr.png, id=78, 1371.1225pt x 770.88pt>
File: screens/apresDiscr.png Graphic file (type png)

<use screens/apresDiscr.png>
Package pdftex.def Info: screens/apresDiscr.png used on input line 230.
(pdftex.def)             Requested size: 455.24411pt x 255.94386pt.

Underfull \hbox (badness 10000) in paragraph at lines 242--243

 []

[10 <./screens/avantDiscr.png> <./screens/apresDiscr.png>]
Underfull \hbox (badness 10000) in paragraph at lines 251--254

 []

File: screens/avantDiscr.png Graphic file (type png)
<use screens/avantDiscr.png>
Package pdftex.def Info: screens/avantDiscr.png used on input line 261.
(pdftex.def)             Requested size: 455.24411pt x 255.94386pt.

<screens/apresNormal.png, id=82, 1371.1225pt x 770.88pt>
File: screens/apresNormal.png Graphic file (type png)

<use screens/apresNormal.png>
Package pdftex.def Info: screens/apresNormal.png used on input line 268.
(pdftex.def)             Requested size: 455.24411pt x 255.94386pt.
 [11]
<screens/BoxPlot.png, id=86, 1051.93pt x 584.1825pt>
File: screens/BoxPlot.png Graphic file (type png)
 <use screens/BoxPlot.png>
Package pdftex.def Info: screens/BoxPlot.png used on input line 284.
(pdftex.def)             Requested size: 455.24411pt x 252.8159pt.

[12 <./screens/apresNormal.png>]
<screens/BoxPlotN.png, id=91, 1108.14pt x 587.19376pt>
File: screens/BoxPlotN.png Graphic file (type png)

<use screens/BoxPlotN.png>
Package pdftex.def Info: screens/BoxPlotN.png used on input line 289.
(pdftex.def)             Requested size: 455.24411pt x 241.22586pt.
 [13 <./screens/BoxPlot.png> <./screens/BoxPlotN.png>] <screens/att-1.png, id=9
5, 1096.095pt x 44.165pt>
File: screens/att-1.png Graphic file (type png)
 <use screens/att-1.png>
Package pdftex.def Info: screens/att-1.png used on input line 302.
(pdftex.def)             Requested size: 455.24411pt x 18.34361pt.

<screens/barchart/duration-barchart.png, id=96, 803.0pt x 552.0625pt>
File: screens/barchart/duration-barchart.png Graphic file (type png)

<use screens/barchart/duration-barchart.png>
Package pdftex.def Info: screens/barchart/duration-barchart.png used on input l
ine 310.
(pdftex.def)             Requested size: 364.19667pt x 250.38857pt.

Underfull \hbox (badness 10000) in paragraph at lines 315--320

 []


Underfull \hbox (badness 10000) in paragraph at lines 315--320

 []

[14 <./screens/att-1.png> <./screens/barchart/duration-barchart.png>]
<screens/att.png, id=101, 1096.095pt x 21.07875pt>
File: screens/att.png Graphic file (type png)
 <use screens/att.png>
Package pdftex.def Info: screens/att.png used on input line 329.
(pdftex.def)             Requested size: 455.24411pt x 8.7549pt.

<screens/att-2.png, id=102, 1096.095pt x 26.0975pt>
File: screens/att-2.png Graphic file (type png)
 <use screens/att-2.png>
Package pdftex.def Info: screens/att-2.png used on input line 330.
(pdftex.def)             Requested size: 455.24411pt x 10.8394pt.

<screens/barchart/wage-increase-first-year-barchart.png, id=103, 803.0pt x 552.
0625pt>
File: screens/barchart/wage-increase-first-year-barchart.png Graphic file (type
 png)
 <use screens/barchart/wage-increase-first-year-barchart.png>
Package pdftex.def Info: screens/barchart/wage-increase-first-year-barchart.png
 used on input line 339.
(pdftex.def)             Requested size: 364.19667pt x 250.38857pt.

Underfull \hbox (badness 10000) in paragraph at lines 344--349

 []


Underfull \hbox (badness 10000) in paragraph at lines 344--349

 []

[15 <./screens/att.png> <./screens/att-2.png> <./screens/barchart/wage-increase
-first-year-barchart.png>]
File: screens/att.png Graphic file (type png)
 <use screens/att.png>
Package pdftex.def Info: screens/att.png used on input line 358.
(pdftex.def)             Requested size: 455.24411pt x 8.7549pt.

<screens/att-3.png, id=108, 1091.07625pt x 20.075pt>
File: screens/att-3.png Graphic file (type png)
 <use screens/att-3.png>
Package pdftex.def Info: screens/att-3.png used on input line 358.
(pdftex.def)             Requested size: 455.24411pt x 8.37599pt.

<screens/barchart/wage-increase-second-year-barchart.png, id=109, 803.0pt x 552
.0625pt>
File: screens/barchart/wage-increase-second-year-barchart.png Graphic file (typ
e png)
 <use screens/barchart/wage-increase-second-year-barchart.png>
Package pdftex.def Info: screens/barchart/wage-increase-second-year-barchart.pn
g used on input line 367.
(pdftex.def)             Requested size: 364.19667pt x 250.38857pt.

Underfull \hbox (badness 10000) in paragraph at lines 372--377

 []


Underfull \hbox (badness 10000) in paragraph at lines 372--377

 []

[16 <./screens/att-3.png> <./screens/barchart/wage-increase-second-year-barchar
t.png>]
File: screens/att.png Graphic file (type png)
 <use screens/att.png>
Package pdftex.def Info: screens/att.png used on input line 385.
(pdftex.def)             Requested size: 455.24411pt x 8.7549pt.

<screens/att-4.png, id=114, 1096.095pt x 27.10126pt>
File: screens/att-4.png Graphic file (type png)
 <use screens/att-4.png>
Package pdftex.def Info: screens/att-4.png used on input line 385.
(pdftex.def)             Requested size: 455.24411pt x 11.25632pt.

<screens/barchart/wage-increase-third-year-barchart.png, id=115, 803.0pt x 552.
0625pt>
File: screens/barchart/wage-increase-third-year-barchart.png Graphic file (type
 png)
 <use screens/barchart/wage-increase-third-year-barchart.png>
Package pdftex.def Info: screens/barchart/wage-increase-third-year-barchart.png
 used on input line 394.
(pdftex.def)             Requested size: 364.19667pt x 250.38857pt.

Underfull \hbox (badness 10000) in paragraph at lines 399--405

 []


Underfull \hbox (badness 10000) in paragraph at lines 399--405

 []

[17 <./screens/att-4.png> <./screens/barchart/wage-increase-third-year-barchart
.png>]
File: screens/att.png Graphic file (type png)
 <use screens/att.png>
Package pdftex.def Info: screens/att.png used on input line 413.
(pdftex.def)             Requested size: 455.24411pt x 8.7549pt.

<screens/att-5.png, id=120, 1062.97125pt x 23.08624pt>
File: screens/att-5.png Graphic file (type png)
 <use screens/att-5.png>
Package pdftex.def Info: screens/att-5.png used on input line 413.
(pdftex.def)             Requested size: 455.24411pt x 9.88742pt.

<screens/barchart/cost-of-living-adjustment-barchart.png, id=121, 803.0pt x 552
.0625pt>
File: screens/barchart/cost-of-living-adjustment-barchart.png Graphic file (typ
e png)
 <use screens/barchart/cost-of-living-adjustment-barchart.png>
Package pdftex.def Info: screens/barchart/cost-of-living-adjustment-barchart.pn
g used on input line 419.
(pdftex.def)             Requested size: 364.19667pt x 250.38857pt.

Underfull \hbox (badness 10000) in paragraph at lines 423--426

 []

[18 <./screens/att-5.png> <./screens/barchart/cost-of-living-adjustment-barchar
t.png>]
File: screens/att.png Graphic file (type png)
 <use screens/att.png>
Package pdftex.def Info: screens/att.png used on input line 434.
(pdftex.def)             Requested size: 455.24411pt x 8.7549pt.

<screens/att-6.png, id=127, 1096.095pt x 25.09375pt>
File: screens/att-6.png Graphic file (type png)
 <use screens/att-6.png>
Package pdftex.def Info: screens/att-6.png used on input line 434.
(pdftex.def)             Requested size: 455.24411pt x 10.4225pt.

<screens/barchart/working-hours-barchart.png, id=128, 803.0pt x 552.0625pt>
File: screens/barchart/working-hours-barchart.png Graphic file (type png)

<use screens/barchart/working-hours-barchart.png>
Package pdftex.def Info: screens/barchart/working-hours-barchart.png used on in
put line 441.
(pdftex.def)             Requested size: 364.19667pt x 250.38857pt.

Underfull \hbox (badness 10000) in paragraph at lines 445--450

 []


Underfull \hbox (badness 10000) in paragraph at lines 445--450

 []

[19 <./screens/att-6.png> <./screens/barchart/working-hours-barchart.png>]
File: screens/att.png Graphic file (type png)

<use screens/att.png>
Package pdftex.def Info: screens/att.png used on input line 458.
(pdftex.def)             Requested size: 455.24411pt x 8.7549pt.
 <screens/att-7.png, id=133, 1096.095pt x 25.09375pt>
File: screens/att-7.png Graphic file (type png)

<use screens/att-7.png>
Package pdftex.def Info: screens/att-7.png used on input line 458.
(pdftex.def)             Requested size: 455.24411pt x 10.4225pt.

<screens/barchart/pension-barchart.png, id=134, 803.0pt x 552.0625pt>
File: screens/barchart/pension-barchart.png Graphic file (type png)

<use screens/barchart/pension-barchart.png>
Package pdftex.def Info: screens/barchart/pension-barchart.png used on input li
ne 464.
(pdftex.def)             Requested size: 364.19667pt x 250.38857pt.

Underfull \hbox (badness 10000) in paragraph at lines 468--472

 []

[20 <./screens/att-7.png> <./screens/barchart/pension-barchart.png>]
File: screens/att.png Graphic file (type png)

<use screens/att.png>
Package pdftex.def Info: screens/att.png used on input line 479.
(pdftex.def)             Requested size: 455.24411pt x 8.7549pt.
 <screens/att-8.png, id=139, 1096.095pt x 22.0825pt>
File: screens/att-8.png Graphic file (type png)

<use screens/att-8.png>
Package pdftex.def Info: screens/att-8.png used on input line 479.
(pdftex.def)             Requested size: 455.24411pt x 9.1718pt.

<screens/barchart/standby-pay-barchart.png, id=140, 803.0pt x 552.0625pt>
File: screens/barchart/standby-pay-barchart.png Graphic file (type png)

<use screens/barchart/standby-pay-barchart.png>
Package pdftex.def Info: screens/barchart/standby-pay-barchart.png used on inpu
t line 486.
(pdftex.def)             Requested size: 364.19667pt x 250.38857pt.

Underfull \hbox (badness 10000) in paragraph at lines 491--495

 []

[21 <./screens/att-8.png> <./screens/barchart/standby-pay-barchart.png>]
File: screens/att.png Graphic file (type png)

<use screens/att.png>
Package pdftex.def Info: screens/att.png used on input line 503.
(pdftex.def)             Requested size: 455.24411pt x 8.7549pt.
 <screens/att-10.png, id=145, 1093.08376pt x 23.08624pt>
File: screens/att-10.png Graphic file (type png)

<use screens/att-10.png>
Package pdftex.def Info: screens/att-10.png used on input line 503.
(pdftex.def)             Requested size: 455.24411pt x 9.61476pt.

<screens/barchart/shift-differential-barchart.png, id=146, 803.0pt x 552.0625pt
>
File: screens/barchart/shift-differential-barchart.png Graphic file (type png)
 <use screens/barchart/shift-differential-barchart.png>
Package pdftex.def Info: screens/barchart/shift-differential-barchart.png used 
on input line 509.
(pdftex.def)             Requested size: 364.19667pt x 250.38857pt.

Underfull \hbox (badness 10000) in paragraph at lines 514--515

 []


Underfull \hbox (badness 10000) in paragraph at lines 516--519

 []

[22 <./screens/att-10.png> <./screens/barchart/shift-differential-barchart.png>
]
File: screens/att.png Graphic file (type png)
 <use screens/att.png>
Package pdftex.def Info: screens/att.png used on input line 528.
(pdftex.def)             Requested size: 455.24411pt x 8.7549pt.
 <screens/att-9.png, id=151, 1096.095pt x 23.08624pt>
File: screens/att-9.png Graphic file (type png)

<use screens/att-9.png>
Package pdftex.def Info: screens/att-9.png used on input line 528.
(pdftex.def)             Requested size: 455.24411pt x 9.5887pt.

<screens/barchart/education-allowance-barchart.png, id=152, 803.0pt x 552.0625p
t>
File: screens/barchart/education-allowance-barchart.png Graphic file (type png)

 <use screens/barchart/education-allowance-barchart.png>
Package pdftex.def Info: screens/barchart/education-allowance-barchart.png used
 on input line 534.
(pdftex.def)             Requested size: 364.19667pt x 250.38857pt.

Underfull \hbox (badness 10000) in paragraph at lines 539--542

 []

[23 <./screens/att-9.png> <./screens/barchart/education-allowance-barchart.png>
]
File: screens/att.png Graphic file (type png)
 <use screens/att.png>
Package pdftex.def Info: screens/att.png used on input line 550.
(pdftex.def)             Requested size: 455.24411pt x 8.7549pt.
 <screens/att-11.png, id=157, 1096.095pt x 20.075pt>
File: screens/att-11.png Graphic file (type png)

<use screens/att-11.png>
Package pdftex.def Info: screens/att-11.png used on input line 550.
(pdftex.def)             Requested size: 455.24411pt x 8.338pt.

<screens/barchart/statutory-holidays-barchart.png, id=158, 803.0pt x 552.0625pt
>
File: screens/barchart/statutory-holidays-barchart.png Graphic file (type png)
 <use screens/barchart/statutory-holidays-barchart.png>
Package pdftex.def Info: screens/barchart/statutory-holidays-barchart.png used 
on input line 556.
(pdftex.def)             Requested size: 364.19667pt x 250.38857pt.

Underfull \hbox (badness 10000) in paragraph at lines 563--566

 []

[24 <./screens/att-11.png> <./screens/barchart/statutory-holidays-barchart.png>
]
File: screens/att.png Graphic file (type png)
 <use screens/att.png>
Package pdftex.def Info: screens/att.png used on input line 573.
(pdftex.def)             Requested size: 455.24411pt x 8.7549pt.
 <screens/att-13.png, id=164, 1095.09125pt x 26.0975pt>
File: screens/att-13.png Graphic file (type png)

<use screens/att-13.png>
Package pdftex.def Info: screens/att-13.png used on input line 573.
(pdftex.def)             Requested size: 455.24411pt x 10.84897pt.

<screens/barchart/vacation-barchart.png, id=165, 803.0pt x 552.0625pt>
File: screens/barchart/vacation-barchart.png Graphic file (type png)

<use screens/barchart/vacation-barchart.png>
Package pdftex.def Info: screens/barchart/vacation-barchart.png used on input l
ine 579.
(pdftex.def)             Requested size: 364.19667pt x 250.38857pt.

Underfull \hbox (badness 10000) in paragraph at lines 584--587

 []

[25 <./screens/att-13.png> <./screens/barchart/vacation-barchart.png>]
File: screens/att.png Graphic file (type png)

<use screens/att.png>
Package pdftex.def Info: screens/att.png used on input line 594.
(pdftex.def)             Requested size: 455.24411pt x 8.7549pt.
 <screens/att-14.png, id=170, 1064.97874pt x 27.10126pt>
File: screens/att-14.png Graphic file (type png)

<use screens/att-14.png>
Package pdftex.def Info: screens/att-14.png used on input line 594.
<<<<<<< HEAD
(pdftex.def)             Requested size: 455.24411pt x 11.58466pt.
=======
(pdftex.def)             Requested size: 455.24411pt x 8.7549pt.
>>>>>>> 695a66c7bcabf4766b0b915ea99130588e0f2fad

<screens/barchart/longterm-disability-assistance-barchart.png, id=171, 803.0pt 
x 552.0625pt>
File: screens/barchart/longterm-disability-assistance-barchart.png Graphic file
 (type png)

<use screens/barchart/longterm-disability-assistance-barchart.png>
Package pdftex.def Info: screens/barchart/longterm-disability-assistance-barcha
rt.png used on input line 602.
(pdftex.def)             Requested size: 364.19667pt x 250.38857pt.
 [26 <./screens/att-14.png> <./screens/barchart/longterm-disability-assistance-
barchart.png>]
File: screens/att.png Graphic file (type png)
 <use screens/att.png>
Package pdftex.def Info: screens/att.png used on input line 616.
(pdftex.def)             Requested size: 455.24411pt x 8.7549pt.

<screens/att-15.png, id=176, 1068.99374pt x 25.09375pt>
File: screens/att-15.png Graphic file (type png)

<use screens/att-15.png>
Package pdftex.def Info: screens/att-15.png used on input line 616.
<<<<<<< HEAD
(pdftex.def)             Requested size: 455.24411pt x 10.68633pt.
=======
(pdftex.def)             Requested size: 455.24411pt x 8.338pt.
>>>>>>> 695a66c7bcabf4766b0b915ea99130588e0f2fad

<screens/barchart/contribution-to-dental-plan-barchart.png, id=177, 803.0pt x 5
52.0625pt>
File: screens/barchart/contribution-to-dental-plan-barchart.png Graphic file (t
ype png)
 <use screens/barchart/contribution-to-dental-plan-barchart.png>
Package pdftex.def Info: screens/barchart/contribution-to-dental-plan-barchart.
png used on input line 624.
(pdftex.def)             Requested size: 364.19667pt x 250.38857pt.

[27 <./screens/att-15.png> <./screens/barchart/contribution-to-dental-plan-barc
hart.png>]
File: screens/att.png Graphic file (type png)
 <use screens/att.png>
Package pdftex.def Info: screens/att.png used on input line 639.
(pdftex.def)             Requested size: 455.24411pt x 8.7549pt.

<screens/att-17.png, id=182, 1064.97874pt x 24.09pt>
File: screens/att-17.png Graphic file (type png)
 <use screens/att-17.png>
Package pdftex.def Info: screens/att-17.png used on input line 639.
<<<<<<< HEAD
(pdftex.def)             Requested size: 455.24411pt x 10.29747pt.
=======
(pdftex.def)             Requested size: 455.24411pt x 11.25632pt.
>>>>>>> 695a66c7bcabf4766b0b915ea99130588e0f2fad

<screens/barchart/bereavement-assistance-barchart.png, id=183, 803.0pt x 552.06
25pt>
File: screens/barchart/bereavement-assistance-barchart.png Graphic file (type p
ng)
 <use screens/barchart/bereavement-assistance-barchart.png>
Package pdftex.def Info: screens/barchart/bereavement-assistance-barchart.png u
sed on input line 648.
(pdftex.def)             Requested size: 364.19667pt x 250.38857pt.
 [28 <./screens/att-17.png> <./screens/barchart/bereavement-assistance-barchart
.png>]
File: screens/att.png Graphic file (type png)

<use screens/att.png>
Package pdftex.def Info: screens/att.png used on input line 662.
(pdftex.def)             Requested size: 455.24411pt x 8.7549pt.
 <screens/att-16.png, id=188, 1096.095pt x 24.09pt>
File: screens/att-16.png Graphic file (type png)

<use screens/att-16.png>
Package pdftex.def Info: screens/att-16.png used on input line 662.
(pdftex.def)             Requested size: 455.24411pt x 10.0056pt.

<screens/barchart/contribution-to-health-plan-barchart.png, id=189, 803.0pt x 5
52.0625pt>
File: screens/barchart/contribution-to-health-plan-barchart.png Graphic file (t
ype png)
 <use screens/barchart/contribution-to-health-plan-barchart.png>
Package pdftex.def Info: screens/barchart/contribution-to-health-plan-barchart.
png used on input line 671.
(pdftex.def)             Requested size: 364.19667pt x 250.38857pt.

[29 <./screens/att-16.png> <./screens/barchart/contribution-to-health-plan-barc
hart.png>]
Underfull \hbox (badness 10000) in paragraph at lines 687--688

 []

<screens/barchart/class-barchart.png, id=194, 803.0pt x 552.0625pt>
File: screens/barchart/class-barchart.png Graphic file (type png)

<use screens/barchart/class-barchart.png>
Package pdftex.def Info: screens/barchart/class-barchart.png used on input line
 690.
(pdftex.def)             Requested size: 364.19667pt x 250.38857pt.
 [30 <./screens/barchart/class-barchart.png>]

LaTeX Font Warning: Font shape `OT1/cmss/bx/it' undefined
(Font)              using `OT1/cmss/bx/n' instead on input line 699.

[31]
Underfull \hbox (badness 10000) in paragraph at lines 712--714

 []

[32

] (./Rapport_DM_part1.aux)

LaTeX Font Warning: Some font shapes were not available, defaults substituted.


LaTeX Warning: There were multiply-defined labels.

 ) 
Here is how much of TeX's memory you used:
<<<<<<< HEAD
 22085 strings out of 493304
 423410 string characters out of 6139871
 518667 words of memory out of 5000000
 25054 multiletter control sequences out of 15000+600000
=======
 23682 strings out of 494929
 451600 string characters out of 6180141
 528890 words of memory out of 5000000
 26547 multiletter control sequences out of 15000+600000
>>>>>>> 695a66c7bcabf4766b0b915ea99130588e0f2fad
 12037 words of font info for 42 fonts, out of 8000000 for 9000
 957 hyphenation exceptions out of 8191
 63i,7n,67p,10449b,608s stack positions out of 5000i,500n,10000p,200000b,80000s
</usr/share/texlive/texmf-dist/fonts/type1/public/amsfonts/cm/cmbx12.pfb></us
r/share/texlive/texmf-dist/fonts/type1/public/amsfonts/cm/cmcsc10.pfb></usr/sha
re/texlive/texmf-dist/fonts/type1/public/amsfonts/cm/cmmi12.pfb></usr/share/tex
live/texmf-dist/fonts/type1/public/amsfonts/cm/cmmi8.pfb></usr/share/texlive/te
xmf-dist/fonts/type1/public/amsfonts/cm/cmr12.pfb></usr/share/texlive/texmf-dis
t/fonts/type1/public/amsfonts/cm/cmr6.pfb></usr/share/texlive/texmf-dist/fonts/
type1/public/amsfonts/cm/cmsl12.pfb></usr/share/texlive/texmf-dist/fonts/type1/
public/amsfonts/cm/cmss12.pfb></usr/share/texlive/texmf-dist/fonts/type1/public
/amsfonts/cm/cmssbx10.pfb></usr/share/texlive/texmf-dist/fonts/type1/public/ams
fonts/cm/cmssi12.pfb></usr/share/texlive/texmf-dist/fonts/type1/public/amsfonts
/cm/cmsy10.pfb></usr/share/texlive/texmf-dist/fonts/type1/public/amsfonts/cm/cm
sy8.pfb></usr/share/texlive/texmf-dist/fonts/type1/public/amsfonts/cm/cmti12.pf
b>
<<<<<<< HEAD
Output written on Rapport_DM_part1.pdf (33 pages, 1910651 bytes).
=======
Output written on Rapport_DM_part1.pdf (33 pages, 1968897 bytes).
>>>>>>> 695a66c7bcabf4766b0b915ea99130588e0f2fad
PDF statistics:
 249 PDF objects out of 1000 (max. 8388607)
 117 compressed objects within 2 object streams
 0 named destinations out of 1000 (max. 500000)
 351 words of extra memory for PDF output out of 10000 (max. 10000000)

